n = 3:
[1.00000000, -0.00000000, 0.00000000 
 0.00000000, 1.00000000, 0.00000000 
 0.00000000, 0.00000000, 1.00000000]
[1.00000000, 0.00000000, 0.00000000 
 -0.00000000, 1.00000000, 0.00000000 
 0.00000000, 0.00000000, 1.00000000]
n = 6:
[1.00000000, -0.00000000, -0.00000000, -0.00000000, -0.00000000, 0.00000000 
 0.00000000, 1.00000000, -0.00000000, -0.00000000, -0.00000000, 0.00000000 
 0.00000000, 0.00000000, 1.00000000, -0.00000000, -0.00000000, 0.00000000 
 0.00000000, 0.00000000, 0.00000000, 1.00000000, -0.00000000, 0.00000000 
 0.00000000, 0.00000000, 0.00000000, 0.00000000, 1.00000000, 0.00000000 
 0.00000000, 0.00000000, 0.00000000, 0.00000000, 0.00000000, 1.00000000]
[1.00000000, 0.00000000, 0.00000000, 0.00000000, 0.00000000, 0.00000000 
 -0.00000000, 1.00000000, 0.00000000, 0.00000000, 0.00000000, 0.00000000 
 -0.00000000, -0.00000000, 1.00000000, 0.00000000, 0.00000000, 0.00000000 
 -0.00000000, -0.00000000, -0.00000000, 1.00000000, 0.00000000, 0.00000000 
 -0.00000000, -0.00000000, -0.00000000, -0.00000000, 1.00000000, 0.00000000 
 0.00000000, 0.00000000, 0.00000000, 0.00000000, 0.00000000, 1.00000000]
